<?xml version="1.0" encoding="UTF-8"?>
<!-- Generated by org.testng.reporters.JUnitXMLReporter -->
<testsuite hostname="SANDEEPs-MacBook-Pro-2.local" ignored="0" name="Default test" tests="3" failures="0" timestamp="27 Nov 2018 16:47:26 GMT" time="89.677" errors="0">
  <testcase name="feature" time="32.569" classname="cucumber.api.testng.AbstractTestNGCucumberTests"/>
  <testcase name="feature" time="26.184" classname="cucumber.api.testng.AbstractTestNGCucumberTests"/>
  <testcase name="feature" time="29.444" classname="cucumber.api.testng.AbstractTestNGCucumberTests"/>
</testsuite> <!-- Default test -->
