<?xml version="1.0" encoding="UTF-8"?>
<testng-results skipped="0" failed="0" ignored="0" total="0" passed="0">
  <reporter-output>
  </reporter-output>
  <suite name="Cucumber Framework" duration-ms="37703" started-at="2018-10-15T14:58:52Z" finished-at="2018-10-15T14:59:30Z">
    <groups>
    </groups>
    <test name="Cucumber Tests" duration-ms="37703" started-at="2018-10-15T14:58:52Z" finished-at="2018-10-15T14:59:30Z">
    </test> <!-- Cucumber Tests -->
  </suite> <!-- Cucumber Framework -->
</testng-results>
