<?xml version="1.0" encoding="UTF-8"?>
<testng-results skipped="0" failed="0" ignored="0" total="3" passed="3">
  <reporter-output>
  </reporter-output>
  <suite name="Default suite" duration-ms="89677" started-at="2018-11-27T16:45:56Z" finished-at="2018-11-27T16:47:26Z">
    <groups>
      <group name="cucumber">
        <method signature="AbstractTestNGCucumberTests.feature(cucumber.api.testng.CucumberFeatureWrapper)[pri:0, instance:CucumberFramework.runner.MainRunner@52a86356]" name="feature" class="cucumber.api.testng.AbstractTestNGCucumberTests"/>
      </group> <!-- cucumber -->
    </groups>
    <test name="Default test" duration-ms="89677" started-at="2018-11-27T16:45:56Z" finished-at="2018-11-27T16:47:26Z">
      <class name="CucumberFramework.runner.MainRunner">
        <test-method status="PASS" signature="setUpClass()[pri:0, instance:CucumberFramework.runner.MainRunner@52a86356]" name="setUpClass" is-config="true" duration-ms="397" started-at="2018-11-27T16:45:56Z" finished-at="2018-11-27T16:45:57Z">
          <reporter-output>
          </reporter-output>
        </test-method> <!-- setUpClass -->
        <test-method status="PASS" signature="feature(cucumber.api.testng.CucumberFeatureWrapper)[pri:0, instance:CucumberFramework.runner.MainRunner@52a86356]" name="feature" duration-ms="32569" started-at="2018-11-27T16:45:57Z" description="Runs Cucumber Feature" data-provider="features" finished-at="2018-11-27T16:46:29Z">
          <params>
            <param index="0">
              <value>
                <![CDATA[Check Title after Logging in]]>
              </value>
            </param>
          </params>
          <reporter-output>
          </reporter-output>
        </test-method> <!-- feature -->
        <test-method status="PASS" signature="feature(cucumber.api.testng.CucumberFeatureWrapper)[pri:0, instance:CucumberFramework.runner.MainRunner@52a86356]" name="feature" duration-ms="26184" started-at="2018-11-27T16:46:29Z" description="Runs Cucumber Feature" data-provider="features" finished-at="2018-11-27T16:46:56Z">
          <params>
            <param index="0">
              <value>
                <![CDATA[Correct Credentials Login  into account]]>
              </value>
            </param>
          </params>
          <reporter-output>
          </reporter-output>
        </test-method> <!-- feature -->
        <test-method status="PASS" signature="feature(cucumber.api.testng.CucumberFeatureWrapper)[pri:0, instance:CucumberFramework.runner.MainRunner@52a86356]" name="feature" duration-ms="29444" started-at="2018-11-27T16:46:56Z" description="Runs Cucumber Feature" data-provider="features" finished-at="2018-11-27T16:47:25Z">
          <params>
            <param index="0">
              <value>
                <![CDATA[Wrong Credentials Login  into account]]>
              </value>
            </param>
          </params>
          <reporter-output>
          </reporter-output>
        </test-method> <!-- feature -->
        <test-method status="PASS" signature="tearDownClass()[pri:0, instance:CucumberFramework.runner.MainRunner@52a86356]" name="tearDownClass" is-config="true" duration-ms="893" started-at="2018-11-27T16:47:25Z" finished-at="2018-11-27T16:47:26Z">
          <reporter-output>
          </reporter-output>
        </test-method> <!-- tearDownClass -->
      </class> <!-- CucumberFramework.runner.MainRunner -->
    </test> <!-- Default test -->
  </suite> <!-- Default suite -->
</testng-results>
